{
  "/Users/yuliatrofymenko/Web/my-project/src/hooks/useFetchData.jsx": {
    "path": "/Users/yuliatrofymenko/Web/my-project/src/hooks/useFetchData.jsx",
    "statementMap": {
      "0": {
        "start": {
          "line": 1,
          "column": 9
        },
        "end": {
          "line": 1,
          "column": 23
        }
      },
      "1": {
        "start": {
          "line": 4,
          "column": 16
        },
        "end": {
          "line": 4,
          "column": 39
        }
      },
      "2": {
        "start": {
          "line": 5,
          "column": 21
        },
        "end": {
          "line": 29,
          "column": 1
        }
      },
      "3": {
        "start": {
          "line": 6,
          "column": 2
        },
        "end": {
          "line": 6,
          "column": 7
        }
      },
      "4": {
        "start": {
          "line": 7,
          "column": 26
        },
        "end": {
          "line": 7,
          "column": 48
        }
      },
      "5": {
        "start": {
          "line": 8,
          "column": 36
        },
        "end": {
          "line": 8,
          "column": 51
        }
      },
      "6": {
        "start": {
          "line": 9,
          "column": 32
        },
        "end": {
          "line": 9,
          "column": 47
        }
      },
      "7": {
        "start": {
          "line": 10,
          "column": 2
        },
        "end": {
          "line": 27,
          "column": 34
        }
      },
      "8": {
        "start": {
          "line": 11,
          "column": 22
        },
        "end": {
          "line": 23,
          "column": 5
        }
      },
      "9": {
        "start": {
          "line": 12,
          "column": 6
        },
        "end": {
          "line": 12,
          "column": 25
        }
      },
      "10": {
        "start": {
          "line": 13,
          "column": 6
        },
        "end": {
          "line": 13,
          "column": 24
        }
      },
      "11": {
        "start": {
          "line": 14,
          "column": 6
        },
        "end": {
          "line": 22,
          "column": 7
        }
      },
      "12": {
        "start": {
          "line": 15,
          "column": 25
        },
        "end": {
          "line": 15,
          "column": 66
        }
      },
      "13": {
        "start": {
          "line": 16,
          "column": 8
        },
        "end": {
          "line": 16,
          "column": 31
        }
      },
      "14": {
        "start": {
          "line": 18,
          "column": 8
        },
        "end": {
          "line": 18,
          "column": 25
        }
      },
      "15": {
        "start": {
          "line": 19,
          "column": 8
        },
        "end": {
          "line": 19,
          "column": 30
        }
      },
      "16": {
        "start": {
          "line": 21,
          "column": 8
        },
        "end": {
          "line": 21,
          "column": 28
        }
      },
      "17": {
        "start": {
          "line": 24,
          "column": 4
        },
        "end": {
          "line": 26,
          "column": 5
        }
      },
      "18": {
        "start": {
          "line": 25,
          "column": 6
        },
        "end": {
          "line": 25,
          "column": 18
        }
      },
      "19": {
        "start": {
          "line": 28,
          "column": 2
        },
        "end": {
          "line": 28,
          "column": 47
        }
      },
      "20": {
        "start": {
          "line": 30,
          "column": 0
        },
        "end": {
          "line": 30,
          "column": 49
        }
      }
    },
    "fnMap": {
      "0": {
        "name": "(anonymous_0)",
        "decl": {
          "start": {
            "line": 5,
            "column": 21
          },
          "end": {
            "line": 5,
            "column": 22
          }
        },
        "loc": {
          "start": {
            "line": 5,
            "column": 75
          },
          "end": {
            "line": 29,
            "column": 1
          }
        },
        "line": 5
      },
      "1": {
        "name": "(anonymous_1)",
        "decl": {
          "start": {
            "line": 10,
            "column": 12
          },
          "end": {
            "line": 10,
            "column": 13
          }
        },
        "loc": {
          "start": {
            "line": 10,
            "column": 18
          },
          "end": {
            "line": 27,
            "column": 3
          }
        },
        "line": 10
      },
      "2": {
        "name": "(anonymous_2)",
        "decl": {
          "start": {
            "line": 11,
            "column": 22
          },
          "end": {
            "line": 11,
            "column": 23
          }
        },
        "loc": {
          "start": {
            "line": 11,
            "column": 34
          },
          "end": {
            "line": 23,
            "column": 5
          }
        },
        "line": 11
      }
    },
    "branchMap": {
      "0": {
        "loc": {
          "start": {
            "line": 5,
            "column": 32
          },
          "end": {
            "line": 5,
            "column": 51
          }
        },
        "type": "default-arg",
        "locations": [
          {
            "start": {
              "line": 5,
              "column": 47
            },
            "end": {
              "line": 5,
              "column": 51
            }
          }
        ],
        "line": 5
      },
      "1": {
        "loc": {
          "start": {
            "line": 5,
            "column": 53
          },
          "end": {
            "line": 5,
            "column": 70
          }
        },
        "type": "default-arg",
        "locations": [
          {
            "start": {
              "line": 5,
              "column": 68
            },
            "end": {
              "line": 5,
              "column": 70
            }
          }
        ],
        "line": 5
      },
      "2": {
        "loc": {
          "start": {
            "line": 24,
            "column": 4
          },
          "end": {
            "line": 26,
            "column": 5
          }
        },
        "type": "if",
        "locations": [
          {
            "start": {
              "line": 24,
              "column": 4
            },
            "end": {
              "line": 26,
              "column": 5
            }
          },
          {
            "start": {},
            "end": {}
          }
        ],
        "line": 24
      }
    },
    "s": {
      "0": 12,
      "1": 12,
      "2": 12,
      "3": 431,
      "4": 431,
      "5": 431,
      "6": 431,
      "7": 431,
      "8": 83,
      "9": 83,
      "10": 83,
      "11": 83,
      "12": 83,
      "13": 83,
      "14": 0,
      "15": 0,
      "16": 83,
      "17": 83,
      "18": 83,
      "19": 431,
      "20": 12
    },
    "f": {
      "0": 431,
      "1": 83,
      "2": 83
    },
    "b": {
      "0": [
        0
      ],
      "1": [
        431
      ],
      "2": [
        83,
        0
      ]
    },
    "inputSourceMap": {
      "version": 3,
      "mappings": ";AAAA,SAASA,UAAUC,iBAAiB;AACpC,OAAOC,WAAW;AAElB,MAAMC,UAAU;AAEhB,MAAMC,eAAeA,CAACC,UAAUC,eAAe,MAAMC,eAAe,OAAO;AAAAC,KAAA;AACzE,QAAM,CAACC,MAAMC,OAAO,IAAIV,SAASM,YAAY;AAC7C,QAAM,CAACK,WAAWC,YAAY,IAAIZ,SAAS,KAAK;AAChD,QAAM,CAACa,SAASC,UAAU,IAAId,SAAS,KAAK;AAE5CC,YAAU,MAAM;AACd,UAAMc,YAAY,YAAY;AAC5BH,mBAAa,IAAI;AACjBE,iBAAW,KAAK;AAChB,UAAI;AACF,cAAME,WAAW,MAAMd,MAAMe,IAAI,GAAGd,OAAO,IAAIE,QAAQ,EAAE;AACzDK,gBAAQM,SAASP,IAAI;AAAA,MACvB,SAASS,OAAO;AACdJ,mBAAW,IAAI;AACfJ,gBAAQJ,YAAY;AAAA,MACtB,UAAC;AACCM,qBAAa,KAAK;AAAA,MACpB;AAAA,IACF;AAEA,QAAIP,UAAU;AACZU,gBAAU;AAAA,IACZ;AAAA,EACF,GAAG,CAACV,UAAU,GAAGE,YAAY,CAAC;AAE9B,SAAO,EAAEE,MAAME,WAAWE,SAASH,QAAQ;AAC7C;AAAEF,GA1BIJ,cAAY;AA4BlB,eAAeA",
      "names": [
        "useState",
        "useEffect",
        "axios",
        "API_URL",
        "useFetchData",
        "endpoint",
        "initialValue",
        "dependencies",
        "_s",
        "data",
        "setData",
        "isLoading",
        "setIsLoading",
        "isError",
        "setIsError",
        "fetchData",
        "response",
        "get",
        "error"
      ],
      "ignoreList": [],
      "sources": [
        "/Users/yuliatrofymenko/Web/my-project/src/hooks/useFetchData.jsx"
      ],
      "file": "/Users/yuliatrofymenko/Web/my-project/src/hooks/useFetchData.jsx"
    },
    "_coverageSchema": "1a1c01bbd47fc00a2c39e90264f33305004495a9",
    "hash": "c553d870e01734a0385a61a715e394cc65216c13"
  },
  "/Users/yuliatrofymenko/Web/my-project/src/hooks/useAuth.jsx": {
    "path": "/Users/yuliatrofymenko/Web/my-project/src/hooks/useAuth.jsx",
    "statementMap": {
      "0": {
        "start": {
          "line": 2,
          "column": 9
        },
        "end": {
          "line": 2,
          "column": 23
        }
      },
      "1": {
        "start": {
          "line": 2,
          "column": 31
        },
        "end": {
          "line": 2,
          "column": 45
        }
      },
      "2": {
        "start": {
          "line": 5,
          "column": 27
        },
        "end": {
          "line": 5,
          "column": 46
        }
      },
      "3": {
        "start": {
          "line": 6,
          "column": 16
        },
        "end": {
          "line": 6,
          "column": 39
        }
      },
      "4": {
        "start": {
          "line": 7,
          "column": 25
        },
        "end": {
          "line": 7,
          "column": 73
        }
      },
      "5": {
        "start": {
          "line": 7,
          "column": 36
        },
        "end": {
          "line": 7,
          "column": 73
        }
      },
      "6": {
        "start": {
          "line": 8,
          "column": 28
        },
        "end": {
          "line": 128,
          "column": 1
        }
      },
      "7": {
        "start": {
          "line": 9,
          "column": 2
        },
        "end": {
          "line": 9,
          "column": 7
        }
      },
      "8": {
        "start": {
          "line": 10,
          "column": 21
        },
        "end": {
          "line": 10,
          "column": 61
        }
      },
      "9": {
        "start": {
          "line": 11,
          "column": 26
        },
        "end": {
          "line": 11,
          "column": 101
        }
      },
      "10": {
        "start": {
          "line": 12,
          "column": 26
        },
        "end": {
          "line": 14,
          "column": 3
        }
      },
      "11": {
        "start": {
          "line": 15,
          "column": 28
        },
        "end": {
          "line": 15,
          "column": 67
        }
      },
      "12": {
        "start": {
          "line": 16,
          "column": 32
        },
        "end": {
          "line": 16,
          "column": 47
        }
      },
      "13": {
        "start": {
          "line": 17,
          "column": 36
        },
        "end": {
          "line": 17,
          "column": 50
        }
      },
      "14": {
        "start": {
          "line": 18,
          "column": 16
        },
        "end": {
          "line": 47,
          "column": 3
        }
      },
      "15": {
        "start": {
          "line": 19,
          "column": 4
        },
        "end": {
          "line": 19,
          "column": 21
        }
      },
      "16": {
        "start": {
          "line": 20,
          "column": 4
        },
        "end": {
          "line": 20,
          "column": 23
        }
      },
      "17": {
        "start": {
          "line": 21,
          "column": 4
        },
        "end": {
          "line": 46,
          "column": 5
        }
      },
      "18": {
        "start": {
          "line": 22,
          "column": 23
        },
        "end": {
          "line": 25,
          "column": 8
        }
      },
      "19": {
        "start": {
          "line": 26,
          "column": 52
        },
        "end": {
          "line": 26,
          "column": 65
        }
      },
      "20": {
        "start": {
          "line": 27,
          "column": 6
        },
        "end": {
          "line": 30,
          "column": 7
        }
      },
      "21": {
        "start": {
          "line": 28,
          "column": 8
        },
        "end": {
          "line": 28,
          "column": 66
        }
      },
      "22": {
        "start": {
          "line": 29,
          "column": 8
        },
        "end": {
          "line": 29,
          "column": 21
        }
      },
      "23": {
        "start": {
          "line": 31,
          "column": 28
        },
        "end": {
          "line": 35,
          "column": 7
        }
      },
      "24": {
        "start": {
          "line": 36,
          "column": 6
        },
        "end": {
          "line": 36,
          "column": 49
        }
      },
      "25": {
        "start": {
          "line": 37,
          "column": 6
        },
        "end": {
          "line": 37,
          "column": 66
        }
      },
      "26": {
        "start": {
          "line": 38,
          "column": 6
        },
        "end": {
          "line": 38,
          "column": 28
        }
      },
      "27": {
        "start": {
          "line": 39,
          "column": 6
        },
        "end": {
          "line": 39,
          "column": 29
        }
      },
      "28": {
        "start": {
          "line": 40,
          "column": 6
        },
        "end": {
          "line": 40,
          "column": 18
        }
      },
      "29": {
        "start": {
          "line": 42,
          "column": 6
        },
        "end": {
          "line": 42,
          "column": 49
        }
      },
      "30": {
        "start": {
          "line": 43,
          "column": 6
        },
        "end": {
          "line": 43,
          "column": 19
        }
      },
      "31": {
        "start": {
          "line": 45,
          "column": 6
        },
        "end": {
          "line": 45,
          "column": 24
        }
      },
      "32": {
        "start": {
          "line": 48,
          "column": 19
        },
        "end": {
          "line": 67,
          "column": 3
        }
      },
      "33": {
        "start": {
          "line": 49,
          "column": 4
        },
        "end": {
          "line": 49,
          "column": 21
        }
      },
      "34": {
        "start": {
          "line": 50,
          "column": 4
        },
        "end": {
          "line": 50,
          "column": 23
        }
      },
      "35": {
        "start": {
          "line": 51,
          "column": 4
        },
        "end": {
          "line": 66,
          "column": 5
        }
      },
      "36": {
        "start": {
          "line": 52,
          "column": 23
        },
        "end": {
          "line": 55,
          "column": 8
        }
      },
      "37": {
        "start": {
          "line": 56,
          "column": 6
        },
        "end": {
          "line": 58,
          "column": 7
        }
      },
      "38": {
        "start": {
          "line": 57,
          "column": 8
        },
        "end": {
          "line": 57,
          "column": 44
        }
      },
      "39": {
        "start": {
          "line": 59,
          "column": 6
        },
        "end": {
          "line": 59,
          "column": 43
        }
      },
      "40": {
        "start": {
          "line": 60,
          "column": 6
        },
        "end": {
          "line": 60,
          "column": 19
        }
      },
      "41": {
        "start": {
          "line": 62,
          "column": 6
        },
        "end": {
          "line": 62,
          "column": 74
        }
      },
      "42": {
        "start": {
          "line": 63,
          "column": 6
        },
        "end": {
          "line": 63,
          "column": 19
        }
      },
      "43": {
        "start": {
          "line": 65,
          "column": 6
        },
        "end": {
          "line": 65,
          "column": 24
        }
      },
      "44": {
        "start": {
          "line": 68,
          "column": 28
        },
        "end": {
          "line": 82,
          "column": 3
        }
      },
      "45": {
        "start": {
          "line": 69,
          "column": 4
        },
        "end": {
          "line": 69,
          "column": 22
        }
      },
      "46": {
        "start": {
          "line": 69,
          "column": 15
        },
        "end": {
          "line": 69,
          "column": 22
        }
      },
      "47": {
        "start": {
          "line": 70,
          "column": 19
        },
        "end": {
          "line": 70,
          "column": 38
        }
      },
      "48": {
        "start": {
          "line": 71,
          "column": 4
        },
        "end": {
          "line": 81,
          "column": 5
        }
      },
      "49": {
        "start": {
          "line": 72,
          "column": 23
        },
        "end": {
          "line": 72,
          "column": 79
        }
      },
      "50": {
        "start": {
          "line": 73,
          "column": 26
        },
        "end": {
          "line": 76,
          "column": 7
        }
      },
      "51": {
        "start": {
          "line": 77,
          "column": 6
        },
        "end": {
          "line": 77,
          "column": 64
        }
      },
      "52": {
        "start": {
          "line": 78,
          "column": 6
        },
        "end": {
          "line": 78,
          "column": 27
        }
      },
      "53": {
        "start": {
          "line": 80,
          "column": 6
        },
        "end": {
          "line": 80,
          "column": 50
        }
      },
      "54": {
        "start": {
          "line": 83,
          "column": 22
        },
        "end": {
          "line": 96,
          "column": 3
        }
      },
      "55": {
        "start": {
          "line": 84,
          "column": 4
        },
        "end": {
          "line": 84,
          "column": 27
        }
      },
      "56": {
        "start": {
          "line": 84,
          "column": 20
        },
        "end": {
          "line": 84,
          "column": 27
        }
      },
      "57": {
        "start": {
          "line": 85,
          "column": 4
        },
        "end": {
          "line": 95,
          "column": 5
        }
      },
      "58": {
        "start": {
          "line": 86,
          "column": 23
        },
        "end": {
          "line": 86,
          "column": 70
        }
      },
      "59": {
        "start": {
          "line": 87,
          "column": 24
        },
        "end": {
          "line": 90,
          "column": 7
        }
      },
      "60": {
        "start": {
          "line": 91,
          "column": 6
        },
        "end": {
          "line": 91,
          "column": 62
        }
      },
      "61": {
        "start": {
          "line": 92,
          "column": 6
        },
        "end": {
          "line": 92,
          "column": 25
        }
      },
      "62": {
        "start": {
          "line": 94,
          "column": 6
        },
        "end": {
          "line": 94,
          "column": 51
        }
      },
      "63": {
        "start": {
          "line": 97,
          "column": 17
        },
        "end": {
          "line": 102,
          "column": 3
        }
      },
      "64": {
        "start": {
          "line": 98,
          "column": 4
        },
        "end": {
          "line": 98,
          "column": 37
        }
      },
      "65": {
        "start": {
          "line": 99,
          "column": 4
        },
        "end": {
          "line": 99,
          "column": 36
        }
      },
      "66": {
        "start": {
          "line": 100,
          "column": 4
        },
        "end": {
          "line": 100,
          "column": 19
        }
      },
      "67": {
        "start": {
          "line": 101,
          "column": 4
        },
        "end": {
          "line": 101,
          "column": 18
        }
      },
      "68": {
        "start": {
          "line": 103,
          "column": 2
        },
        "end": {
          "line": 127,
          "column": 4
        }
      },
      "69": {
        "start": {
          "line": 129,
          "column": 0
        },
        "end": {
          "line": 129,
          "column": 49
        }
      },
      "70": {
        "start": {
          "line": 130,
          "column": 0
        },
        "end": {
          "line": 130,
          "column": 18
        }
      },
      "71": {
        "start": {
          "line": 131,
          "column": 23
        },
        "end": {
          "line": 134,
          "column": 1
        }
      },
      "72": {
        "start": {
          "line": 132,
          "column": 2
        },
        "end": {
          "line": 132,
          "column": 8
        }
      },
      "73": {
        "start": {
          "line": 133,
          "column": 2
        },
        "end": {
          "line": 133,
          "column": 33
        }
      },
      "74": {
        "start": {
          "line": 135,
          "column": 0
        },
        "end": {
          "line": 135,
          "column": 45
        }
      },
      "75": {
        "start": {
          "line": 137,
          "column": 0
        },
        "end": {
          "line": 137,
          "column": 33
        }
      },
      "76": {
        "start": {
          "line": 139,
          "column": 20
        },
        "end": {
          "line": 139,
          "column": 97
        }
      },
      "77": {
        "start": {
          "line": 140,
          "column": 0
        },
        "end": {
          "line": 154,
          "column": 1
        }
      },
      "78": {
        "start": {
          "line": 141,
          "column": 2
        },
        "end": {
          "line": 145,
          "column": 3
        }
      },
      "79": {
        "start": {
          "line": 142,
          "column": 4
        },
        "end": {
          "line": 144,
          "column": 6
        }
      },
      "80": {
        "start": {
          "line": 146,
          "column": 2
        },
        "end": {
          "line": 153,
          "column": 5
        }
      },
      "81": {
        "start": {
          "line": 147,
          "column": 4
        },
        "end": {
          "line": 147,
          "column": 129
        }
      },
      "82": {
        "start": {
          "line": 148,
          "column": 4
        },
        "end": {
          "line": 152,
          "column": 7
        }
      },
      "83": {
        "start": {
          "line": 149,
          "column": 6
        },
        "end": {
          "line": 149,
          "column": 31
        }
      },
      "84": {
        "start": {
          "line": 149,
          "column": 24
        },
        "end": {
          "line": 149,
          "column": 31
        }
      },
      "85": {
        "start": {
          "line": 150,
          "column": 32
        },
        "end": {
          "line": 150,
          "column": 178
        }
      },
      "86": {
        "start": {
          "line": 151,
          "column": 6
        },
        "end": {
          "line": 151,
          "column": 75
        }
      },
      "87": {
        "start": {
          "line": 151,
          "column": 29
        },
        "end": {
          "line": 151,
          "column": 75
        }
      },
      "88": {
        "start": {
          "line": 156,
          "column": 2
        },
        "end": {
          "line": 156,
          "column": 108
        }
      },
      "89": {
        "start": {
          "line": 159,
          "column": 2
        },
        "end": {
          "line": 159,
          "column": 62
        }
      }
    },
    "fnMap": {
      "0": {
        "name": "(anonymous_0)",
        "decl": {
          "start": {
            "line": 7,
            "column": 25
          },
          "end": {
            "line": 7,
            "column": 26
          }
        },
        "loc": {
          "start": {
            "line": 7,
            "column": 36
          },
          "end": {
            "line": 7,
            "column": 73
          }
        },
        "line": 7
      },
      "1": {
        "name": "(anonymous_1)",
        "decl": {
          "start": {
            "line": 8,
            "column": 28
          },
          "end": {
            "line": 8,
            "column": 29
          }
        },
        "loc": {
          "start": {
            "line": 8,
            "column": 46
          },
          "end": {
            "line": 128,
            "column": 1
          }
        },
        "line": 8
      },
      "2": {
        "name": "(anonymous_2)",
        "decl": {
          "start": {
            "line": 18,
            "column": 16
          },
          "end": {
            "line": 18,
            "column": 17
          }
        },
        "loc": {
          "start": {
            "line": 18,
            "column": 43
          },
          "end": {
            "line": 47,
            "column": 3
          }
        },
        "line": 18
      },
      "3": {
        "name": "(anonymous_3)",
        "decl": {
          "start": {
            "line": 48,
            "column": 19
          },
          "end": {
            "line": 48,
            "column": 20
          }
        },
        "loc": {
          "start": {
            "line": 48,
            "column": 50
          },
          "end": {
            "line": 67,
            "column": 3
          }
        },
        "line": 48
      },
      "4": {
        "name": "(anonymous_4)",
        "decl": {
          "start": {
            "line": 68,
            "column": 28
          },
          "end": {
            "line": 68,
            "column": 29
          }
        },
        "loc": {
          "start": {
            "line": 68,
            "column": 47
          },
          "end": {
            "line": 82,
            "column": 3
          }
        },
        "line": 68
      },
      "5": {
        "name": "(anonymous_5)",
        "decl": {
          "start": {
            "line": 83,
            "column": 22
          },
          "end": {
            "line": 83,
            "column": 23
          }
        },
        "loc": {
          "start": {
            "line": 83,
            "column": 34
          },
          "end": {
            "line": 96,
            "column": 3
          }
        },
        "line": 83
      },
      "6": {
        "name": "(anonymous_6)",
        "decl": {
          "start": {
            "line": 97,
            "column": 17
          },
          "end": {
            "line": 97,
            "column": 18
          }
        },
        "loc": {
          "start": {
            "line": 97,
            "column": 23
          },
          "end": {
            "line": 102,
            "column": 3
          }
        },
        "line": 97
      },
      "7": {
        "name": "(anonymous_7)",
        "decl": {
          "start": {
            "line": 131,
            "column": 23
          },
          "end": {
            "line": 131,
            "column": 24
          }
        },
        "loc": {
          "start": {
            "line": 131,
            "column": 29
          },
          "end": {
            "line": 134,
            "column": 1
          }
        },
        "line": 131
      },
      "8": {
        "name": "(anonymous_8)",
        "decl": {
          "start": {
            "line": 146,
            "column": 52
          },
          "end": {
            "line": 146,
            "column": 53
          }
        },
        "loc": {
          "start": {
            "line": 146,
            "column": 72
          },
          "end": {
            "line": 153,
            "column": 3
          }
        },
        "line": 146
      },
      "9": {
        "name": "(anonymous_9)",
        "decl": {
          "start": {
            "line": 148,
            "column": 27
          },
          "end": {
            "line": 148,
            "column": 28
          }
        },
        "loc": {
          "start": {
            "line": 148,
            "column": 44
          },
          "end": {
            "line": 152,
            "column": 5
          }
        },
        "line": 148
      },
      "10": {
        "name": "$RefreshReg$",
        "decl": {
          "start": {
            "line": 155,
            "column": 9
          },
          "end": {
            "line": 155,
            "column": 21
          }
        },
        "loc": {
          "start": {
            "line": 155,
            "column": 32
          },
          "end": {
            "line": 157,
            "column": 1
          }
        },
        "line": 155
      },
      "11": {
        "name": "$RefreshSig$",
        "decl": {
          "start": {
            "line": 158,
            "column": 9
          },
          "end": {
            "line": 158,
            "column": 21
          }
        },
        "loc": {
          "start": {
            "line": 158,
            "column": 24
          },
          "end": {
            "line": 160,
            "column": 1
          }
        },
        "line": 158
      }
    },
    "branchMap": {
      "0": {
        "loc": {
          "start": {
            "line": 7,
            "column": 36
          },
          "end": {
            "line": 7,
            "column": 73
          }
        },
        "type": "cond-expr",
        "locations": [
          {
            "start": {
              "line": 7,
              "column": 44
            },
            "end": {
              "line": 7,
              "column": 63
            }
          },
          {
            "start": {
              "line": 7,
              "column": 66
            },
            "end": {
              "line": 7,
              "column": 73
            }
          }
        ],
        "line": 7
      },
      "1": {
        "loc": {
          "start": {
            "line": 11,
            "column": 26
          },
          "end": {
            "line": 11,
            "column": 101
          }
        },
        "type": "cond-expr",
        "locations": [
          {
            "start": {
              "line": 11,
              "column": 39
            },
            "end": {
              "line": 11,
              "column": 94
            }
          },
          {
            "start": {
              "line": 11,
              "column": 97
            },
            "end": {
              "line": 11,
              "column": 101
            }
          }
        ],
        "line": 11
      },
      "2": {
        "loc": {
          "start": {
            "line": 11,
            "column": 61
          },
          "end": {
            "line": 11,
            "column": 92
          }
        },
        "type": "binary-expr",
        "locations": [
          {
            "start": {
              "line": 11,
              "column": 61
            },
            "end": {
              "line": 11,
              "column": 75
            }
          },
          {
            "start": {
              "line": 11,
              "column": 79
            },
            "end": {
              "line": 11,
              "column": 92
            }
          }
        ],
        "line": 11
      },
      "3": {
        "loc": {
          "start": {
            "line": 13,
            "column": 4
          },
          "end": {
            "line": 13,
            "column": 79
          }
        },
        "type": "cond-expr",
        "locations": [
          {
            "start": {
              "line": 13,
              "column": 17
            },
            "end": {
              "line": 13,
              "column": 72
            }
          },
          {
            "start": {
              "line": 13,
              "column": 75
            },
            "end": {
              "line": 13,
              "column": 79
            }
          }
        ],
        "line": 13
      },
      "4": {
        "loc": {
          "start": {
            "line": 13,
            "column": 39
          },
          "end": {
            "line": 13,
            "column": 70
          }
        },
        "type": "binary-expr",
        "locations": [
          {
            "start": {
              "line": 13,
              "column": 39
            },
            "end": {
              "line": 13,
              "column": 53
            }
          },
          {
            "start": {
              "line": 13,
              "column": 57
            },
            "end": {
              "line": 13,
              "column": 70
            }
          }
        ],
        "line": 13
      },
      "5": {
        "loc": {
          "start": {
            "line": 27,
            "column": 6
          },
          "end": {
            "line": 30,
            "column": 7
          }
        },
        "type": "if",
        "locations": [
          {
            "start": {
              "line": 27,
              "column": 6
            },
            "end": {
              "line": 30,
              "column": 7
            }
          },
          {
            "start": {},
            "end": {}
          }
        ],
        "line": 27
      },
      "6": {
        "loc": {
          "start": {
            "line": 27,
            "column": 10
          },
          "end": {
            "line": 27,
            "column": 70
          }
        },
        "type": "binary-expr",
        "locations": [
          {
            "start": {
              "line": 27,
              "column": 10
            },
            "end": {
              "line": 27,
              "column": 25
            }
          },
          {
            "start": {
              "line": 27,
              "column": 29
            },
            "end": {
              "line": 27,
              "column": 47
            }
          },
          {
            "start": {
              "line": 27,
              "column": 51
            },
            "end": {
              "line": 27,
              "column": 70
            }
          }
        ],
        "line": 27
      },
      "7": {
        "loc": {
          "start": {
            "line": 33,
            "column": 13
          },
          "end": {
            "line": 33,
            "column": 52
          }
        },
        "type": "binary-expr",
        "locations": [
          {
            "start": {
              "line": 33,
              "column": 13
            },
            "end": {
              "line": 33,
              "column": 31
            }
          },
          {
            "start": {
              "line": 33,
              "column": 35
            },
            "end": {
              "line": 33,
              "column": 52
            }
          }
        ],
        "line": 33
      },
      "8": {
        "loc": {
          "start": {
            "line": 34,
            "column": 18
          },
          "end": {
            "line": 34,
            "column": 68
          }
        },
        "type": "binary-expr",
        "locations": [
          {
            "start": {
              "line": 34,
              "column": 18
            },
            "end": {
              "line": 34,
              "column": 41
            }
          },
          {
            "start": {
              "line": 34,
              "column": 45
            },
            "end": {
              "line": 34,
              "column": 68
            }
          }
        ],
        "line": 34
      },
      "9": {
        "loc": {
          "start": {
            "line": 56,
            "column": 6
          },
          "end": {
            "line": 58,
            "column": 7
          }
        },
        "type": "if",
        "locations": [
          {
            "start": {
              "line": 56,
              "column": 6
            },
            "end": {
              "line": 58,
              "column": 7
            }
          },
          {
            "start": {},
            "end": {}
          }
        ],
        "line": 56
      },
      "10": {
        "loc": {
          "start": {
            "line": 62,
            "column": 19
          },
          "end": {
            "line": 62,
            "column": 72
          }
        },
        "type": "binary-expr",
        "locations": [
          {
            "start": {
              "line": 62,
              "column": 19
            },
            "end": {
              "line": 62,
              "column": 46
            }
          },
          {
            "start": {
              "line": 62,
              "column": 50
            },
            "end": {
              "line": 62,
              "column": 72
            }
          }
        ],
        "line": 62
      },
      "11": {
        "loc": {
          "start": {
            "line": 69,
            "column": 4
          },
          "end": {
            "line": 69,
            "column": 22
          }
        },
        "type": "if",
        "locations": [
          {
            "start": {
              "line": 69,
              "column": 4
            },
            "end": {
              "line": 69,
              "column": 22
            }
          },
          {
            "start": {},
            "end": {}
          }
        ],
        "line": 69
      },
      "12": {
        "loc": {
          "start": {
            "line": 70,
            "column": 19
          },
          "end": {
            "line": 70,
            "column": 38
          }
        },
        "type": "binary-expr",
        "locations": [
          {
            "start": {
              "line": 70,
              "column": 19
            },
            "end": {
              "line": 70,
              "column": 27
            }
          },
          {
            "start": {
              "line": 70,
              "column": 31
            },
            "end": {
              "line": 70,
              "column": 38
            }
          }
        ],
        "line": 70
      },
      "13": {
        "loc": {
          "start": {
            "line": 75,
            "column": 13
          },
          "end": {
            "line": 75,
            "column": 50
          }
        },
        "type": "binary-expr",
        "locations": [
          {
            "start": {
              "line": 75,
              "column": 13
            },
            "end": {
              "line": 75,
              "column": 30
            }
          },
          {
            "start": {
              "line": 75,
              "column": 34
            },
            "end": {
              "line": 75,
              "column": 50
            }
          }
        ],
        "line": 75
      },
      "14": {
        "loc": {
          "start": {
            "line": 84,
            "column": 4
          },
          "end": {
            "line": 84,
            "column": 27
          }
        },
        "type": "if",
        "locations": [
          {
            "start": {
              "line": 84,
              "column": 4
            },
            "end": {
              "line": 84,
              "column": 27
            }
          },
          {
            "start": {},
            "end": {}
          }
        ],
        "line": 84
      },
      "15": {
        "loc": {
          "start": {
            "line": 89,
            "column": 13
          },
          "end": {
            "line": 89,
            "column": 50
          }
        },
        "type": "binary-expr",
        "locations": [
          {
            "start": {
              "line": 89,
              "column": 13
            },
            "end": {
              "line": 89,
              "column": 30
            }
          },
          {
            "start": {
              "line": 89,
              "column": 34
            },
            "end": {
              "line": 89,
              "column": 50
            }
          }
        ],
        "line": 89
      },
      "16": {
        "loc": {
          "start": {
            "line": 139,
            "column": 20
          },
          "end": {
            "line": 139,
            "column": 97
          }
        },
        "type": "binary-expr",
        "locations": [
          {
            "start": {
              "line": 139,
              "column": 20
            },
            "end": {
              "line": 139,
              "column": 60
            }
          },
          {
            "start": {
              "line": 139,
              "column": 64
            },
            "end": {
              "line": 139,
              "column": 97
            }
          }
        ],
        "line": 139
      },
      "17": {
        "loc": {
          "start": {
            "line": 140,
            "column": 0
          },
          "end": {
            "line": 154,
            "column": 1
          }
        },
        "type": "if",
        "locations": [
          {
            "start": {
              "line": 140,
              "column": 0
            },
            "end": {
              "line": 154,
              "column": 1
            }
          },
          {
            "start": {},
            "end": {}
          }
        ],
        "line": 140
      },
      "18": {
        "loc": {
          "start": {
            "line": 140,
            "column": 4
          },
          "end": {
            "line": 140,
            "column": 35
          }
        },
        "type": "binary-expr",
        "locations": [
          {
            "start": {
              "line": 140,
              "column": 4
            },
            "end": {
              "line": 140,
              "column": 19
            }
          },
          {
            "start": {
              "line": 140,
              "column": 23
            },
            "end": {
              "line": 140,
              "column": 35
            }
          }
        ],
        "line": 140
      },
      "19": {
        "loc": {
          "start": {
            "line": 141,
            "column": 2
          },
          "end": {
            "line": 145,
            "column": 3
          }
        },
        "type": "if",
        "locations": [
          {
            "start": {
              "line": 141,
              "column": 2
            },
            "end": {
              "line": 145,
              "column": 3
            }
          },
          {
            "start": {},
            "end": {}
          }
        ],
        "line": 141
      },
      "20": {
        "loc": {
          "start": {
            "line": 149,
            "column": 6
          },
          "end": {
            "line": 149,
            "column": 31
          }
        },
        "type": "if",
        "locations": [
          {
            "start": {
              "line": 149,
              "column": 6
            },
            "end": {
              "line": 149,
              "column": 31
            }
          },
          {
            "start": {},
            "end": {}
          }
        ],
        "line": 149
      },
      "21": {
        "loc": {
          "start": {
            "line": 151,
            "column": 6
          },
          "end": {
            "line": 151,
            "column": 75
          }
        },
        "type": "if",
        "locations": [
          {
            "start": {
              "line": 151,
              "column": 6
            },
            "end": {
              "line": 151,
              "column": 75
            }
          },
          {
            "start": {},
            "end": {}
          }
        ],
        "line": 151
      }
    },
    "s": {
      "0": 12,
      "1": 12,
      "2": 12,
      "3": 12,
      "4": 12,
      "5": 0,
      "6": 12,
      "7": 0,
      "8": 0,
      "9": 0,
      "10": 0,
      "11": 0,
      "12": 0,
      "13": 0,
      "14": 0,
      "15": 0,
      "16": 0,
      "17": 0,
      "18": 0,
      "19": 0,
      "20": 0,
      "21": 0,
      "22": 0,
      "23": 0,
      "24": 0,
      "25": 0,
      "26": 0,
      "27": 0,
      "28": 0,
      "29": 0,
      "30": 0,
      "31": 0,
      "32": 0,
      "33": 0,
      "34": 0,
      "35": 0,
      "36": 0,
      "37": 0,
      "38": 0,
      "39": 0,
      "40": 0,
      "41": 0,
      "42": 0,
      "43": 0,
      "44": 0,
      "45": 0,
      "46": 0,
      "47": 0,
      "48": 0,
      "49": 0,
      "50": 0,
      "51": 0,
      "52": 0,
      "53": 0,
      "54": 0,
      "55": 0,
      "56": 0,
      "57": 0,
      "58": 0,
      "59": 0,
      "60": 0,
      "61": 0,
      "62": 0,
      "63": 0,
      "64": 0,
      "65": 0,
      "66": 0,
      "67": 0,
      "68": 0,
      "69": 12,
      "70": 12,
      "71": 12,
      "72": 862,
      "73": 862,
      "74": 12,
      "75": 12,
      "76": 12,
      "77": 12,
      "78": 12,
      "79": 0,
      "80": 12,
      "81": 12,
      "82": 12,
      "83": 0,
      "84": 0,
      "85": 0,
      "86": 0,
      "87": 0,
      "88": 12,
      "89": 24
    },
    "f": {
      "0": 0,
      "1": 0,
      "2": 0,
      "3": 0,
      "4": 0,
      "5": 0,
      "6": 0,
      "7": 862,
      "8": 12,
      "9": 0,
      "10": 12,
      "11": 24
    },
    "b": {
      "0": [
        0,
        0
      ],
      "1": [
        0,
        0
      ],
      "2": [
        0,
        0
      ],
      "3": [
        0,
        0
      ],
      "4": [
        0,
        0
      ],
      "5": [
        0,
        0
      ],
      "6": [
        0,
        0,
        0
      ],
      "7": [
        0,
        0
      ],
      "8": [
        0,
        0
      ],
      "9": [
        0,
        0
      ],
      "10": [
        0,
        0
      ],
      "11": [
        0,
        0
      ],
      "12": [
        0,
        0
      ],
      "13": [
        0,
        0
      ],
      "14": [
        0,
        0
      ],
      "15": [
        0,
        0
      ],
      "16": [
        12,
        0
      ],
      "17": [
        12,
        0
      ],
      "18": [
        12,
        12
      ],
      "19": [
        0,
        12
      ],
      "20": [
        0,
        0
      ],
      "21": [
        0,
        0
      ]
    },
    "inputSourceMap": {
      "version": 3,
      "mappings": "AAuHI;;AAvHJ,OAAOA,SAASC,UAAUC,YAAYC,qBAAqB;AAC3D,OAAOC,WAAW;AAEX,aAAMC,cAAcF,cAAc,IAAI;AAC7C,MAAMG,UAAU;AAEhB,MAAMC,mBAAmBA,CAACC,UAAWA,QAAQA,MAAMC,MAAM,GAAG,EAAE,CAAC,IAAI;AAE5D,aAAMC,eAAeA,CAAC,EAAEC,SAAS,MAAM;AAAAC,KAAA;AAC5C,QAAMC,aAAaC,KAAKC,MAAMC,aAAaC,QAAQ,MAAM,CAAC;AAC1D,QAAMC,kBAAkBL,aACpB,EAAE,GAAGA,YAAYM,KAAKN,WAAWM,OAAON,WAAWO,GAAG,IACtD;AAEJ,QAAM,CAACC,MAAMC,OAAO,IAAIrB;AAAAA,IACtBY,aAAa,EAAE,GAAGA,YAAYM,KAAKN,WAAWM,OAAON,WAAWO,GAAG,IAAI;AAAA,EACzE;AACA,QAAM,CAACG,OAAOC,QAAQ,IAAIvB,SAASe,aAAaC,QAAQ,OAAO,CAAC;AAChE,QAAM,CAACQ,SAASC,UAAU,IAAIzB,SAAS,KAAK;AAC5C,QAAM,CAAC0B,WAAWC,YAAY,IAAI3B,SAAS,IAAI;AAE/C,QAAM4B,QAAQ,OAAOrB,OAAOsB,aAAa;AACvCJ,eAAW,IAAI;AACfE,iBAAa,IAAI;AACjB,QAAI;AACF,YAAMG,WAAW,MAAM3B,MAAM4B,KAAK,GAAG1B,OAAO,eAAe;AAAA,QACzDE;AAAAA,QACAsB;AAAAA,MACF,CAAC;AACD,YAAM,EAAEG,aAAaZ,MAAMa,eAAe,IAAIH,SAASI;AAEvD,UAAI,CAACD,kBAAmB,CAACA,eAAed,MAAM,CAACc,eAAef,KAAM;AAClES,qBAAa,2CAA2C;AACxD,eAAO;AAAA,MACT;AAEA,YAAMQ,gBAAgB;AAAA,QACpB,GAAGF;AAAAA,QACHf,KAAKe,eAAef,OAAOe,eAAed;AAAAA,QAC1CiB,UAAUH,eAAeG,YAAY9B,iBAAiBC,KAAK;AAAA,MAC7D;AAEAQ,mBAAasB,QAAQ,SAASL,WAAW;AACzCjB,mBAAasB,QAAQ,QAAQxB,KAAKyB,UAAUH,aAAa,CAAC;AAC1DZ,eAASS,WAAW;AACpBX,cAAQc,aAAa;AAErB,aAAO;AAAA,IACT,QAAQ;AACNR,mBAAa,4BAA4B;AACzC,aAAO;AAAA,IACT,UAAC;AACCF,iBAAW,KAAK;AAAA,IAClB;AAAA,EACF;AAEA,QAAMc,WAAW,OAAO,EAAEhC,OAAOsB,SAAS,MAAM;AAC9CJ,eAAW,IAAI;AACfE,iBAAa,IAAI;AACjB,QAAI;AACF,YAAMG,WAAW,MAAM3B,MAAM4B,KAAK,GAAG1B,OAAO,kBAAkB;AAAA,QAC5DE;AAAAA,QACAsB;AAAAA,MACF,CAAC;AACD,UAAIC,SAASU,WAAW,KAAK;AAC3B,eAAO,MAAMZ,MAAMrB,OAAOsB,QAAQ;AAAA,MACpC;AACAF,mBAAa,sBAAsB;AACnC,aAAO;AAAA,IACT,SAASc,OAAO;AACdd,mBAAac,MAAMX,UAAUI,MAAMO,SAAS,sBAAsB;AAClE,aAAO;AAAA,IACT,UAAC;AACChB,iBAAW,KAAK;AAAA,IAClB;AAAA,EACF;AAEA,QAAMiB,oBAAoB,OAAOC,YAAY;AAC3C,QAAI,CAACvB,KAAM;AACX,UAAMwB,SAASxB,KAAKF,OAAOE,KAAKD;AAChC,QAAI;AACF,YAAMW,WAAW,MAAM3B,MAAM0C,MAAM,GAAGxC,OAAO,UAAUuC,MAAM,IAAID,OAAO;AACxE,YAAMG,cAAc;AAAA,QAClB,GAAGhB,SAASI;AAAAA,QACZhB,KAAKY,SAASI,KAAKhB,OAAOY,SAASI,KAAKf;AAAAA,MAC1C;AAEAJ,mBAAasB,QAAQ,QAAQxB,KAAKyB,UAAUQ,WAAW,CAAC;AACxDzB,cAAQyB,WAAW;AAAA,IACrB,SAASC,KAAK;AACZC,cAAQP,MAAM,yBAAyBM,GAAG;AAAA,IAC5C;AAAA,EACF;AAEA,QAAME,cAAc,YAAY;AAC9B,QAAI,CAAC7B,MAAMF,IAAK;AAEhB,QAAI;AACF,YAAMY,WAAW,MAAM3B,MAAM+C,IAAI,GAAG7C,OAAO,UAAUe,KAAKF,GAAG,EAAE;AAC/D,YAAMiC,YAAY;AAAA,QAChB,GAAGrB,SAASI;AAAAA,QACZhB,KAAKY,SAASI,KAAKhB,OAAOY,SAASI,KAAKf;AAAAA,MAC1C;AAEAJ,mBAAasB,QAAQ,QAAQxB,KAAKyB,UAAUa,SAAS,CAAC;AACtD9B,cAAQ8B,SAAS;AAAA,IACnB,SAASJ,KAAK;AACZC,cAAQP,MAAM,0BAA0BM,GAAG;AAAA,IAC7C;AAAA,EACF;AAEA,QAAMK,SAASA,MAAM;AACnBrC,iBAAasC,WAAW,OAAO;AAC/BtC,iBAAasC,WAAW,MAAM;AAC9B9B,aAAS,IAAI;AACbF,YAAQ,IAAI;AAAA,EACd;AAEA,SACE;AAAA,IAAC,YAAY;AAAA,IAAZ;AAAA,MACC,OAAO;AAAA,QACLiC,iBAAiB,CAAC,CAAChC;AAAAA,QACnBF;AAAAA,QACAQ;AAAAA,QACAW;AAAAA,QACAa;AAAAA,QACA5B;AAAAA,QACAE;AAAAA,QACAgB;AAAAA,QACAO;AAAAA,MACF;AAAA,MAECvC;AAAAA;AAAAA,IAbH;AAAA;AAAA;AAAA;AAAA;AAAA;AAAA;AAAA;AAAA,EAcA;AAEJ;AAAEC,GA/HWF,cAAY;AAAA8C,KAAZ9C;AAiIN,aAAM+C,UAAUA,MAAA;AAAAC,MAAA;AAAA,SAAMxD,WAAWG,WAAW;AAAC;AAACqD,IAAxCD,SAAO;AAAA,IAAAD;AAAAG,aAAAH,IAAA",
      "names": [
        "React",
        "useState",
        "useContext",
        "createContext",
        "axios",
        "AuthContext",
        "API_URL",
        "generateUsername",
        "email",
        "split",
        "AuthProvider",
        "children",
        "_s",
        "storedUser",
        "JSON",
        "parse",
        "localStorage",
        "getItem",
        "fixedStoredUser",
        "_id",
        "id",
        "user",
        "setUser",
        "token",
        "setToken",
        "loading",
        "setLoading",
        "authError",
        "setAuthError",
        "login",
        "password",
        "response",
        "post",
        "accessToken",
        "serverUserData",
        "data",
        "finalUserData",
        "username",
        "setItem",
        "stringify",
        "register",
        "status",
        "error",
        "updateUserContext",
        "updates",
        "userId",
        "patch",
        "updatedUser",
        "err",
        "console",
        "refreshUser",
        "get",
        "freshUser",
        "logout",
        "removeItem",
        "isAuthenticated",
        "_c",
        "useAuth",
        "_s2",
        "$RefreshReg$"
      ],
      "ignoreList": [],
      "sources": [
        "/Users/yuliatrofymenko/Web/my-project/src/hooks/useAuth.jsx"
      ],
      "file": "/Users/yuliatrofymenko/Web/my-project/src/hooks/useAuth.jsx"
    },
    "_coverageSchema": "1a1c01bbd47fc00a2c39e90264f33305004495a9",
    "hash": "ed0542477928e74c9c6e2640b5bd5e9629f87bf1"
  },
  "/Users/yuliatrofymenko/Web/my-project/src/hooks/useMutation.jsx": {
    "path": "/Users/yuliatrofymenko/Web/my-project/src/hooks/useMutation.jsx",
    "statementMap": {
      "0": {
        "start": {
          "line": 1,
          "column": 9
        },
        "end": {
          "line": 1,
          "column": 23
        }
      },
      "1": {
        "start": {
          "line": 5,
          "column": 16
        },
        "end": {
          "line": 5,
          "column": 39
        }
      },
      "2": {
        "start": {
          "line": 6,
          "column": 20
        },
        "end": {
          "line": 46,
          "column": 1
        }
      },
      "3": {
        "start": {
          "line": 7,
          "column": 2
        },
        "end": {
          "line": 7,
          "column": 7
        }
      },
      "4": {
        "start": {
          "line": 8,
          "column": 20
        },
        "end": {
          "line": 8,
          "column": 29
        }
      },
      "5": {
        "start": {
          "line": 9,
          "column": 36
        },
        "end": {
          "line": 9,
          "column": 51
        }
      },
      "6": {
        "start": {
          "line": 10,
          "column": 32
        },
        "end": {
          "line": 10,
          "column": 47
        }
      },
      "7": {
        "start": {
          "line": 11,
          "column": 17
        },
        "end": {
          "line": 44,
          "column": 3
        }
      },
      "8": {
        "start": {
          "line": 12,
          "column": 4
        },
        "end": {
          "line": 12,
          "column": 23
        }
      },
      "9": {
        "start": {
          "line": 13,
          "column": 4
        },
        "end": {
          "line": 13,
          "column": 22
        }
      },
      "10": {
        "start": {
          "line": 14,
          "column": 14
        },
        "end": {
          "line": 14,
          "column": 38
        }
      },
      "11": {
        "start": {
          "line": 15,
          "column": 4
        },
        "end": {
          "line": 17,
          "column": 5
        }
      },
      "12": {
        "start": {
          "line": 16,
          "column": 6
        },
        "end": {
          "line": 16,
          "column": 43
        }
      },
      "13": {
        "start": {
          "line": 18,
          "column": 4
        },
        "end": {
          "line": 43,
          "column": 5
        }
      },
      "14": {
        "start": {
          "line": 19,
          "column": 21
        },
        "end": {
          "line": 23,
          "column": 7
        }
      },
      "15": {
        "start": {
          "line": 25,
          "column": 6
        },
        "end": {
          "line": 33,
          "column": 7
        }
      },
      "16": {
        "start": {
          "line": 26,
          "column": 8
        },
        "end": {
          "line": 26,
          "column": 55
        }
      },
      "17": {
        "start": {
          "line": 27,
          "column": 13
        },
        "end": {
          "line": 33,
          "column": 7
        }
      },
      "18": {
        "start": {
          "line": 28,
          "column": 8
        },
        "end": {
          "line": 28,
          "column": 51
        }
      },
      "19": {
        "start": {
          "line": 29,
          "column": 13
        },
        "end": {
          "line": 33,
          "column": 7
        }
      },
      "20": {
        "start": {
          "line": 30,
          "column": 8
        },
        "end": {
          "line": 30,
          "column": 56
        }
      },
      "21": {
        "start": {
          "line": 32,
          "column": 8
        },
        "end": {
          "line": 32,
          "column": 55
        }
      },
      "22": {
        "start": {
          "line": 34,
          "column": 6
        },
        "end": {
          "line": 36,
          "column": 7
        }
      },
      "23": {
        "start": {
          "line": 35,
          "column": 8
        },
        "end": {
          "line": 35,
          "column": 33
        }
      },
      "24": {
        "start": {
          "line": 37,
          "column": 6
        },
        "end": {
          "line": 37,
          "column": 27
        }
      },
      "25": {
        "start": {
          "line": 39,
          "column": 6
        },
        "end": {
          "line": 39,
          "column": 23
        }
      },
      "26": {
        "start": {
          "line": 40,
          "column": 6
        },
        "end": {
          "line": 40,
          "column": 18
        }
      },
      "27": {
        "start": {
          "line": 42,
          "column": 6
        },
        "end": {
          "line": 42,
          "column": 26
        }
      },
      "28": {
        "start": {
          "line": 45,
          "column": 2
        },
        "end": {
          "line": 45,
          "column": 40
        }
      },
      "29": {
        "start": {
          "line": 47,
          "column": 0
        },
        "end": {
          "line": 49,
          "column": 3
        }
      },
      "30": {
        "start": {
          "line": 48,
          "column": 2
        },
        "end": {
          "line": 48,
          "column": 19
        }
      }
    },
    "fnMap": {
      "0": {
        "name": "(anonymous_0)",
        "decl": {
          "start": {
            "line": 6,
            "column": 20
          },
          "end": {
            "line": 6,
            "column": 21
          }
        },
        "loc": {
          "start": {
            "line": 6,
            "column": 45
          },
          "end": {
            "line": 46,
            "column": 1
          }
        },
        "line": 6
      },
      "1": {
        "name": "(anonymous_1)",
        "decl": {
          "start": {
            "line": 11,
            "column": 17
          },
          "end": {
            "line": 11,
            "column": 18
          }
        },
        "loc": {
          "start": {
            "line": 11,
            "column": 52
          },
          "end": {
            "line": 44,
            "column": 3
          }
        },
        "line": 11
      },
      "2": {
        "name": "(anonymous_2)",
        "decl": {
          "start": {
            "line": 47,
            "column": 55
          },
          "end": {
            "line": 47,
            "column": 56
          }
        },
        "loc": {
          "start": {
            "line": 47,
            "column": 66
          },
          "end": {
            "line": 49,
            "column": 1
          }
        },
        "line": 47
      }
    },
    "branchMap": {
      "0": {
        "loc": {
          "start": {
            "line": 11,
            "column": 38
          },
          "end": {
            "line": 11,
            "column": 47
          }
        },
        "type": "default-arg",
        "locations": [
          {
            "start": {
              "line": 11,
              "column": 43
            },
            "end": {
              "line": 11,
              "column": 47
            }
          }
        ],
        "line": 11
      },
      "1": {
        "loc": {
          "start": {
            "line": 15,
            "column": 4
          },
          "end": {
            "line": 17,
            "column": 5
          }
        },
        "type": "if",
        "locations": [
          {
            "start": {
              "line": 15,
              "column": 4
            },
            "end": {
              "line": 17,
              "column": 5
            }
          },
          {
            "start": {},
            "end": {}
          }
        ],
        "line": 15
      },
      "2": {
        "loc": {
          "start": {
            "line": 21,
            "column": 25
          },
          "end": {
            "line": 21,
            "column": 55
          }
        },
        "type": "cond-expr",
        "locations": [
          {
            "start": {
              "line": 21,
              "column": 33
            },
            "end": {
              "line": 21,
              "column": 50
            }
          },
          {
            "start": {
              "line": 21,
              "column": 53
            },
            "end": {
              "line": 21,
              "column": 55
            }
          }
        ],
        "line": 21
      },
      "3": {
        "loc": {
          "start": {
            "line": 25,
            "column": 6
          },
          "end": {
            "line": 33,
            "column": 7
          }
        },
        "type": "if",
        "locations": [
          {
            "start": {
              "line": 25,
              "column": 6
            },
            "end": {
              "line": 33,
              "column": 7
            }
          },
          {
            "start": {
              "line": 27,
              "column": 13
            },
            "end": {
              "line": 33,
              "column": 7
            }
          }
        ],
        "line": 25
      },
      "4": {
        "loc": {
          "start": {
            "line": 27,
            "column": 13
          },
          "end": {
            "line": 33,
            "column": 7
          }
        },
        "type": "if",
        "locations": [
          {
            "start": {
              "line": 27,
              "column": 13
            },
            "end": {
              "line": 33,
              "column": 7
            }
          },
          {
            "start": {
              "line": 29,
              "column": 13
            },
            "end": {
              "line": 33,
              "column": 7
            }
          }
        ],
        "line": 27
      },
      "5": {
        "loc": {
          "start": {
            "line": 29,
            "column": 13
          },
          "end": {
            "line": 33,
            "column": 7
          }
        },
        "type": "if",
        "locations": [
          {
            "start": {
              "line": 29,
              "column": 13
            },
            "end": {
              "line": 33,
              "column": 7
            }
          },
          {
            "start": {
              "line": 31,
              "column": 13
            },
            "end": {
              "line": 33,
              "column": 7
            }
          }
        ],
        "line": 29
      },
      "6": {
        "loc": {
          "start": {
            "line": 34,
            "column": 6
          },
          "end": {
            "line": 36,
            "column": 7
          }
        },
        "type": "if",
        "locations": [
          {
            "start": {
              "line": 34,
              "column": 6
            },
            "end": {
              "line": 36,
              "column": 7
            }
          },
          {
            "start": {},
            "end": {}
          }
        ],
        "line": 34
      }
    },
    "s": {
      "0": 12,
      "1": 12,
      "2": 12,
      "3": 431,
      "4": 431,
      "5": 431,
      "6": 431,
      "7": 431,
      "8": 24,
      "9": 24,
      "10": 24,
      "11": 24,
      "12": 0,
      "13": 24,
      "14": 24,
      "15": 24,
      "16": 24,
      "17": 0,
      "18": 0,
      "19": 0,
      "20": 0,
      "21": 0,
      "22": 21,
      "23": 21,
      "24": 21,
      "25": 3,
      "26": 3,
      "27": 24,
      "28": 431,
      "29": 12,
      "30": 0
    },
    "f": {
      "0": 431,
      "1": 24,
      "2": 0
    },
    "b": {
      "0": [
        24
      ],
      "1": [
        0,
        24
      ],
      "2": [
        24,
        0
      ],
      "3": [
        24,
        0
      ],
      "4": [
        0,
        0
      ],
      "5": [
        0,
        0
      ],
      "6": [
        21,
        0
      ]
    },
    "inputSourceMap": {
      "version": 3,
      "mappings": ";AAAA,SAASA,gBAAgB;AACzB,OAAOC,WAAW;AAClB,SAASC,eAAe;AAExB,MAAMC,UAAU;AAEhB,MAAMC,cAAcA,CAACC,UAAUC,cAAc;AAAAC,KAAA;AAC3C,QAAM,EAAEC,MAAM,IAAIN,QAAQ;AAC1B,QAAM,CAACO,WAAWC,YAAY,IAAIV,SAAS,KAAK;AAChD,QAAM,CAACW,SAASC,UAAU,IAAIZ,SAAS,KAAK;AAE5C,QAAMa,SAAS,OAAOC,QAAQC,MAAMC,KAAK,SAAS;AAChDN,iBAAa,IAAI;AACjBE,eAAW,KAAK;AAChB,QAAIK,MAAM,GAAGd,OAAO,IAAIE,QAAQ;AAChC,QAAIW,IAAI;AACNC,YAAM,GAAGd,OAAO,IAAIE,QAAQ,IAAIW,EAAE;AAAA,IACpC;AAEA,QAAI;AACF,YAAME,SAAS;AAAA,QACbC,SAAS;AAAA,UACPC,eAAeZ,QAAQ,UAAUA,KAAK,KAAK;AAAA,QAC7C;AAAA,MACF;AAEA,UAAIa;AACJ,UAAIP,WAAW,QAAQ;AACrBO,mBAAW,MAAMpB,MAAMqB,KAAKL,KAAKF,MAAMG,MAAM;AAAA,MAC/C,WAAWJ,WAAW,UAAU;AAC9BO,mBAAW,MAAMpB,MAAMsB,OAAON,KAAKC,MAAM;AAAA,MAC3C,WAAWJ,WAAW,SAAS;AAC7BO,mBAAW,MAAMpB,MAAMuB,MAAMP,KAAKF,MAAMG,MAAM;AAAA,MAChD,OAAO;AACL,cAAM,IAAIO,MAAM,6BAA6B;AAAA,MAC/C;AAEA,UAAInB,WAAW;AACbA,kBAAUe,SAASN,IAAI;AAAA,MACzB;AACA,aAAOM,SAASN;AAAAA,IAClB,SAASW,OAAO;AACdd,iBAAW,IAAI;AACf,aAAO;AAAA,IACT,UAAC;AACCF,mBAAa,KAAK;AAAA,IACpB;AAAA,EACF;AAEA,SAAO,EAAEG,QAAQJ,WAAWE,QAAQ;AACtC;AAAEJ,GA5CIH,aAAW;AAAA,UACGF,OAAO;AAAA;AA6C3B,eAAeE",
      "names": [
        "useState",
        "axios",
        "useAuth",
        "API_URL",
        "useMutation",
        "endpoint",
        "onSuccess",
        "_s",
        "token",
        "isLoading",
        "setIsLoading",
        "isError",
        "setIsError",
        "mutate",
        "method",
        "data",
        "id",
        "url",
        "config",
        "headers",
        "Authorization",
        "response",
        "post",
        "delete",
        "patch",
        "Error",
        "error"
      ],
      "ignoreList": [],
      "sources": [
        "/Users/yuliatrofymenko/Web/my-project/src/hooks/useMutation.jsx"
      ],
      "file": "/Users/yuliatrofymenko/Web/my-project/src/hooks/useMutation.jsx"
    },
    "_coverageSchema": "1a1c01bbd47fc00a2c39e90264f33305004495a9",
    "hash": "aae3ec6567f9e855ba4da86e0f43d6a2706e1676"
  },
  "/Users/yuliatrofymenko/Web/my-project/src/pages/GuessPage.jsx": {
    "path": "/Users/yuliatrofymenko/Web/my-project/src/pages/GuessPage.jsx",
    "statementMap": {
      "0": {
        "start": {
          "line": 2,
          "column": 9
        },
        "end": {
          "line": 2,
          "column": 23
        }
      },
      "1": {
        "start": {
          "line": 14,
          "column": 24
        },
        "end": {
          "line": 19,
          "column": 1
        }
      },
      "2": {
        "start": {
          "line": 20,
          "column": 18
        },
        "end": {
          "line": 410,
          "column": 1
        }
      },
      "3": {
        "start": {
          "line": 21,
          "column": 2
        },
        "end": {
          "line": 21,
          "column": 7
        }
      },
      "4": {
        "start": {
          "line": 22,
          "column": 15
        },
        "end": {
          "line": 23,
          "column": 17
        }
      },
      "5": {
        "start": {
          "line": 24,
          "column": 55
        },
        "end": {
          "line": 24,
          "column": 59
        }
      },
      "6": {
        "start": {
          "line": 25,
          "column": 19
        },
        "end": {
          "line": 25,
          "column": 32
        }
      },
      "7": {
        "start": {
          "line": 26,
          "column": 40
        },
        "end": {
          "line": 26,
          "column": 54
        }
      },
      "8": {
        "start": {
          "line": 27,
          "column": 30
        },
        "end": {
          "line": 27,
          "column": 45
        }
      },
      "9": {
        "start": {
          "line": 28,
          "column": 38
        },
        "end": {
          "line": 28,
          "column": 52
        }
      },
      "10": {
        "start": {
          "line": 29,
          "column": 30
        },
        "end": {
          "line": 29,
          "column": 45
        }
      },
      "11": {
        "start": {
          "line": 30,
          "column": 44
        },
        "end": {
          "line": 30,
          "column": 58
        }
      },
      "12": {
        "start": {
          "line": 31,
          "column": 48
        },
        "end": {
          "line": 31,
          "column": 62
        }
      },
      "13": {
        "start": {
          "line": 32,
          "column": 36
        },
        "end": {
          "line": 32,
          "column": 51
        }
      },
      "14": {
        "start": {
          "line": 37,
          "column": 6
        },
        "end": {
          "line": 37,
          "column": 41
        }
      },
      "15": {
        "start": {
          "line": 38,
          "column": 68
        },
        "end": {
          "line": 45,
          "column": 3
        }
      },
      "16": {
        "start": {
          "line": 41,
          "column": 6
        },
        "end": {
          "line": 43,
          "column": 7
        }
      },
      "17": {
        "start": {
          "line": 42,
          "column": 8
        },
        "end": {
          "line": 42,
          "column": 49
        }
      },
      "18": {
        "start": {
          "line": 46,
          "column": 2
        },
        "end": {
          "line": 70,
          "column": 17
        }
      },
      "19": {
        "start": {
          "line": 47,
          "column": 4
        },
        "end": {
          "line": 69,
          "column": 5
        }
      },
      "20": {
        "start": {
          "line": 48,
          "column": 30
        },
        "end": {
          "line": 48,
          "column": 51
        }
      },
      "21": {
        "start": {
          "line": 49,
          "column": 27
        },
        "end": {
          "line": 49,
          "column": 56
        }
      },
      "22": {
        "start": {
          "line": 50,
          "column": 6
        },
        "end": {
          "line": 57,
          "column": 8
        }
      },
      "23": {
        "start": {
          "line": 54,
          "column": 43
        },
        "end": {
          "line": 54,
          "column": 76
        }
      },
      "24": {
        "start": {
          "line": 58,
          "column": 32
        },
        "end": {
          "line": 61,
          "column": 9
        }
      },
      "25": {
        "start": {
          "line": 58,
          "column": 65
        },
        "end": {
          "line": 61,
          "column": 7
        }
      },
      "26": {
        "start": {
          "line": 62,
          "column": 6
        },
        "end": {
          "line": 62,
          "column": 66
        }
      },
      "27": {
        "start": {
          "line": 63,
          "column": 6
        },
        "end": {
          "line": 63,
          "column": 23
        }
      },
      "28": {
        "start": {
          "line": 64,
          "column": 6
        },
        "end": {
          "line": 64,
          "column": 26
        }
      },
      "29": {
        "start": {
          "line": 65,
          "column": 6
        },
        "end": {
          "line": 65,
          "column": 23
        }
      },
      "30": {
        "start": {
          "line": 66,
          "column": 6
        },
        "end": {
          "line": 66,
          "column": 29
        }
      },
      "31": {
        "start": {
          "line": 67,
          "column": 6
        },
        "end": {
          "line": 67,
          "column": 31
        }
      },
      "32": {
        "start": {
          "line": 68,
          "column": 6
        },
        "end": {
          "line": 68,
          "column": 26
        }
      },
      "33": {
        "start": {
          "line": 71,
          "column": 19
        },
        "end": {
          "line": 71,
          "column": 42
        }
      },
      "34": {
        "start": {
          "line": 72,
          "column": 26
        },
        "end": {
          "line": 80,
          "column": 3
        }
      },
      "35": {
        "start": {
          "line": 73,
          "column": 4
        },
        "end": {
          "line": 73,
          "column": 21
        }
      },
      "36": {
        "start": {
          "line": 74,
          "column": 4
        },
        "end": {
          "line": 74,
          "column": 24
        }
      },
      "37": {
        "start": {
          "line": 75,
          "column": 4
        },
        "end": {
          "line": 75,
          "column": 21
        }
      },
      "38": {
        "start": {
          "line": 76,
          "column": 4
        },
        "end": {
          "line": 76,
          "column": 27
        }
      },
      "39": {
        "start": {
          "line": 77,
          "column": 4
        },
        "end": {
          "line": 77,
          "column": 29
        }
      },
      "40": {
        "start": {
          "line": 78,
          "column": 4
        },
        "end": {
          "line": 78,
          "column": 24
        }
      },
      "41": {
        "start": {
          "line": 79,
          "column": 4
        },
        "end": {
          "line": 79,
          "column": 16
        }
      },
      "42": {
        "start": {
          "line": 81,
          "column": 21
        },
        "end": {
          "line": 97,
          "column": 3
        }
      },
      "43": {
        "start": {
          "line": 82,
          "column": 4
        },
        "end": {
          "line": 82,
          "column": 46
        }
      },
      "44": {
        "start": {
          "line": 82,
          "column": 39
        },
        "end": {
          "line": 82,
          "column": 46
        }
      },
      "45": {
        "start": {
          "line": 83,
          "column": 26
        },
        "end": {
          "line": 85,
          "column": 5
        }
      },
      "46": {
        "start": {
          "line": 84,
          "column": 13
        },
        "end": {
          "line": 84,
          "column": 49
        }
      },
      "47": {
        "start": {
          "line": 86,
          "column": 21
        },
        "end": {
          "line": 86,
          "column": 54
        }
      },
      "48": {
        "start": {
          "line": 87,
          "column": 4
        },
        "end": {
          "line": 89,
          "column": 5
        }
      },
      "49": {
        "start": {
          "line": 88,
          "column": 6
        },
        "end": {
          "line": 88,
          "column": 22
        }
      },
      "50": {
        "start": {
          "line": 90,
          "column": 4
        },
        "end": {
          "line": 96,
          "column": 5
        }
      },
      "51": {
        "start": {
          "line": 91,
          "column": 6
        },
        "end": {
          "line": 91,
          "column": 26
        }
      },
      "52": {
        "start": {
          "line": 92,
          "column": 6
        },
        "end": {
          "line": 92,
          "column": 31
        }
      },
      "53": {
        "start": {
          "line": 94,
          "column": 6
        },
        "end": {
          "line": 94,
          "column": 25
        }
      },
      "54": {
        "start": {
          "line": 95,
          "column": 6
        },
        "end": {
          "line": 95,
          "column": 35
        }
      },
      "55": {
        "start": {
          "line": 98,
          "column": 23
        },
        "end": {
          "line": 142,
          "column": 3
        }
      },
      "56": {
        "start": {
          "line": 99,
          "column": 4
        },
        "end": {
          "line": 99,
          "column": 66
        }
      },
      "57": {
        "start": {
          "line": 99,
          "column": 59
        },
        "end": {
          "line": 99,
          "column": 66
        }
      },
      "58": {
        "start": {
          "line": 100,
          "column": 4
        },
        "end": {
          "line": 103,
          "column": 5
        }
      },
      "59": {
        "start": {
          "line": 101,
          "column": 6
        },
        "end": {
          "line": 101,
          "column": 26
        }
      },
      "60": {
        "start": {
          "line": 102,
          "column": 6
        },
        "end": {
          "line": 102,
          "column": 13
        }
      },
      "61": {
        "start": {
          "line": 104,
          "column": 4
        },
        "end": {
          "line": 104,
          "column": 36
        }
      },
      "62": {
        "start": {
          "line": 105,
          "column": 4
        },
        "end": {
          "line": 105,
          "column": 20
        }
      },
      "63": {
        "start": {
          "line": 106,
          "column": 4
        },
        "end": {
          "line": 106,
          "column": 24
        }
      },
      "64": {
        "start": {
          "line": 107,
          "column": 4
        },
        "end": {
          "line": 107,
          "column": 29
        }
      },
      "65": {
        "start": {
          "line": 108,
          "column": 22
        },
        "end": {
          "line": 108,
          "column": 70
        }
      },
      "66": {
        "start": {
          "line": 109,
          "column": 4
        },
        "end": {
          "line": 114,
          "column": 7
        }
      },
      "67": {
        "start": {
          "line": 115,
          "column": 22
        },
        "end": {
          "line": 115,
          "column": 75
        }
      },
      "68": {
        "start": {
          "line": 116,
          "column": 26
        },
        "end": {
          "line": 118,
          "column": 5
        }
      },
      "69": {
        "start": {
          "line": 117,
          "column": 15
        },
        "end": {
          "line": 117,
          "column": 53
        }
      },
      "70": {
        "start": {
          "line": 119,
          "column": 4
        },
        "end": {
          "line": 141,
          "column": 5
        }
      },
      "71": {
        "start": {
          "line": 120,
          "column": 6
        },
        "end": {
          "line": 129,
          "column": 9
        }
      },
      "72": {
        "start": {
          "line": 131,
          "column": 6
        },
        "end": {
          "line": 140,
          "column": 9
        }
      },
      "73": {
        "start": {
          "line": 143,
          "column": 27
        },
        "end": {
          "line": 158,
          "column": 10
        }
      },
      "74": {
        "start": {
          "line": 143,
          "column": 62
        },
        "end": {
          "line": 158,
          "column": 10
        }
      },
      "75": {
        "start": {
          "line": 159,
          "column": 27
        },
        "end": {
          "line": 162,
          "column": 3
        }
      },
      "76": {
        "start": {
          "line": 160,
          "column": 4
        },
        "end": {
          "line": 160,
          "column": 46
        }
      },
      "77": {
        "start": {
          "line": 160,
          "column": 17
        },
        "end": {
          "line": 160,
          "column": 46
        }
      },
      "78": {
        "start": {
          "line": 161,
          "column": 4
        },
        "end": {
          "line": 161,
          "column": 57
        }
      },
      "79": {
        "start": {
          "line": 163,
          "column": 25
        },
        "end": {
          "line": 169,
          "column": 3
        }
      },
      "80": {
        "start": {
          "line": 164,
          "column": 4
        },
        "end": {
          "line": 164,
          "column": 27
        }
      },
      "81": {
        "start": {
          "line": 164,
          "column": 17
        },
        "end": {
          "line": 164,
          "column": 27
        }
      },
      "82": {
        "start": {
          "line": 165,
          "column": 4
        },
        "end": {
          "line": 166,
          "column": 30
        }
      },
      "83": {
        "start": {
          "line": 166,
          "column": 6
        },
        "end": {
          "line": 166,
          "column": 30
        }
      },
      "84": {
        "start": {
          "line": 167,
[...]
              "line": 313,
              "column": 19
            },
            "end": {
              "line": 332,
              "column": 5
            }
          }
        ],
        "line": 313
      },
      "22": {
        "loc": {
          "start": {
            "line": 320,
            "column": 20
          },
          "end": {
            "line": 320,
            "column": 59
          }
        },
        "type": "binary-expr",
        "locations": [
          {
            "start": {
              "line": 320,
              "column": 20
            },
            "end": {
              "line": 320,
              "column": 26
            }
          },
          {
            "start": {
              "line": 320,
              "column": 30
            },
            "end": {
              "line": 320,
              "column": 43
            }
          },
          {
            "start": {
              "line": 320,
              "column": 47
            },
            "end": {
              "line": 320,
              "column": 59
            }
          }
        ],
        "line": 320
      },
      "23": {
        "loc": {
          "start": {
            "line": 333,
            "column": 4
          },
          "end": {
            "line": 348,
            "column": 5
          }
        },
        "type": "binary-expr",
        "locations": [
          {
            "start": {
              "line": 333,
              "column": 4
            },
            "end": {
              "line": 333,
              "column": 17
            }
          },
          {
            "start": {
              "line": 333,
              "column": 37
            },
            "end": {
              "line": 348,
              "column": 5
            }
          }
        ],
        "line": 333
      },
      "24": {
        "loc": {
          "start": {
            "line": 349,
            "column": 4
          },
          "end": {
            "line": 385,
            "column": 5
          }
        },
        "type": "binary-expr",
        "locations": [
          {
            "start": {
              "line": 349,
              "column": 4
            },
            "end": {
              "line": 349,
              "column": 17
            }
          },
          {
            "start": {
              "line": 349,
              "column": 37
            },
            "end": {
              "line": 385,
              "column": 5
            }
          }
        ],
        "line": 349
      },
      "25": {
        "loc": {
          "start": {
            "line": 386,
            "column": 4
          },
          "end": {
            "line": 404,
            "column": 5
          }
        },
        "type": "binary-expr",
        "locations": [
          {
            "start": {
              "line": 386,
              "column": 4
            },
            "end": {
              "line": 386,
              "column": 19
            }
          },
          {
            "start": {
              "line": 386,
              "column": 39
            },
            "end": {
              "line": 404,
              "column": 5
            }
          }
        ],
        "line": 386
      },
      "26": {
        "loc": {
          "start": {
            "line": 419,
            "column": 20
          },
          "end": {
            "line": 419,
            "column": 97
          }
        },
        "type": "binary-expr",
        "locations": [
          {
            "start": {
              "line": 419,
              "column": 20
            },
            "end": {
              "line": 419,
              "column": 60
            }
          },
          {
            "start": {
              "line": 419,
              "column": 64
            },
            "end": {
              "line": 419,
              "column": 97
            }
          }
        ],
        "line": 419
      },
      "27": {
        "loc": {
          "start": {
            "line": 420,
            "column": 0
          },
          "end": {
            "line": 434,
            "column": 1
          }
        },
        "type": "if",
        "locations": [
          {
            "start": {
              "line": 420,
              "column": 0
            },
            "end": {
              "line": 434,
              "column": 1
            }
          },
          {
            "start": {},
            "end": {}
          }
        ],
        "line": 420
      },
      "28": {
        "loc": {
          "start": {
            "line": 420,
            "column": 4
          },
          "end": {
            "line": 420,
            "column": 35
          }
        },
        "type": "binary-expr",
        "locations": [
          {
            "start": {
              "line": 420,
              "column": 4
            },
            "end": {
              "line": 420,
              "column": 19
            }
          },
          {
            "start": {
              "line": 420,
              "column": 23
            },
            "end": {
              "line": 420,
              "column": 35
            }
          }
        ],
        "line": 420
      },
      "29": {
        "loc": {
          "start": {
            "line": 421,
            "column": 2
          },
          "end": {
            "line": 425,
            "column": 3
          }
        },
        "type": "if",
        "locations": [
          {
            "start": {
              "line": 421,
              "column": 2
            },
            "end": {
              "line": 425,
              "column": 3
            }
          },
          {
            "start": {},
            "end": {}
          }
        ],
        "line": 421
      },
      "30": {
        "loc": {
          "start": {
            "line": 429,
            "column": 6
          },
          "end": {
            "line": 429,
            "column": 31
          }
        },
        "type": "if",
        "locations": [
          {
            "start": {
              "line": 429,
              "column": 6
            },
            "end": {
              "line": 429,
              "column": 31
            }
          },
          {
            "start": {},
            "end": {}
          }
        ],
        "line": 429
      },
      "31": {
        "loc": {
          "start": {
            "line": 431,
            "column": 6
          },
          "end": {
            "line": 431,
            "column": 75
          }
        },
        "type": "if",
        "locations": [
          {
            "start": {
              "line": 431,
              "column": 6
            },
            "end": {
              "line": 431,
              "column": 75
            }
          },
          {
            "start": {},
            "end": {}
          }
        ],
        "line": 431
      }
    },
    "s": {
      "0": 12,
      "1": 12,
      "2": 12,
      "3": 431,
      "4": 431,
      "5": 431,
      "6": 431,
      "7": 431,
      "8": 431,
      "9": 431,
      "10": 431,
      "11": 431,
      "12": 431,
      "13": 431,
      "14": 431,
      "15": 431,
      "16": 21,
      "17": 21,
      "18": 431,
      "19": 166,
      "20": 83,
      "21": 83,
      "22": 83,
      "23": 83,
      "24": 83,
      "25": 332,
      "26": 83,
      "27": 83,
      "28": 83,
      "29": 83,
      "30": 83,
      "31": 83,
      "32": 83,
      "33": 431,
      "34": 431,
      "35": 9,
      "36": 9,
      "37": 9,
      "38": 9,
      "39": 9,
      "40": 9,
      "41": 9,
      "42": 431,
      "43": 48,
      "44": 0,
      "45": 48,
      "46": 82,
      "47": 48,
      "48": 48,
      "49": 39,
      "50": 48,
      "51": 9,
      "52": 9,
      "53": 39,
      "54": 39,
      "55": 431,
      "56": 35,
      "57": 5,
      "58": 30,
      "59": 6,
      "60": 6,
      "61": 24,
      "62": 24,
      "63": 24,
      "64": 24,
      "65": 24,
      "66": 24,
      "67": 24,
      "68": 24,
      "69": 40,
      "70": 24,
      "71": 15,
      "72": 9,
      "73": 431,
      "74": 384,
      "75": 431,
      "76": 728,
      "77": 344,
      "78": 384,
      "79": 431,
      "80": 728,
      "81": 536,
      "82": 192,
      "83": 18,
      "84": 174,
      "85": 48,
      "86": 126,
      "87": 431,
      "88": 2586,
      "89": 728,
      "90": 35,
      "91": 0,
      "92": 0,
      "93": 12,
      "94": 12,
      "95": 12,
      "96": 12,
      "97": 12,
      "98": 12,
      "99": 12,
      "100": 0,
      "101": 12,
      "102": 12,
      "103": 12,
      "104": 0,
      "105": 0,
      "106": 0,
      "107": 0,
      "108": 0,
      "109": 12,
      "110": 12
    },
    "f": {
      "0": 431,
      "1": 0,
      "2": 21,
      "3": 166,
      "4": 83,
      "5": 332,
      "6": 9,
      "7": 48,
      "8": 82,
      "9": 35,
      "10": 40,
      "11": 384,
      "12": 728,
      "13": 728,
      "14": 2586,
      "15": 728,
      "16": 35,
      "17": 0,
      "18": 12,
      "19": 12,
      "20": 0,
      "21": 12,
      "22": 12
    },
    "b": {
      "0": [
        0,
        431
      ],
      "1": [
        21,
        0
      ],
      "2": [
        21,
        21
      ],
      "3": [
        83,
        83
      ],
      "4": [
        0,
        48
      ],
      "5": [
        48,
        48
      ],
      "6": [
        39,
        9
      ],
      "7": [
        9,
        39
      ],
      "8": [
        5,
        30
      ],
      "9": [
        35,
        35,
        30,
        30
      ],
      "10": [
        6,
        24
      ],
      "11": [
        15,
        9
      ],
      "12": [
        15,
        0
      ],
      "13": [
        15,
        9
      ],
      "14": [
        344,
        384
      ],
      "15": [
        536,
        192
      ],
      "16": [
        18,
        174
      ],
      "17": [
        192,
        48
      ],
      "18": [
        48,
        126
      ],
      "19": [
        174,
        174
      ],
      "20": [
        39,
        392
      ],
      "21": [
        431,
        182
      ],
      "22": [
        728,
        536,
        536
      ],
      "23": [
        431,
        24
      ],
      "24": [
        431,
        24
      ],
      "25": [
        431,
        39
      ],
      "26": [
        12,
        0
      ],
      "27": [
        12,
        0
      ],
      "28": [
        12,
        12
      ],
      "29": [
        0,
        12
      ],
      "30": [
        0,
        0
      ],
      "31": [
        0,
        0
      ]
    },
    "inputSourceMap": {
      "version": 3,
      "mappings": "AAkKI,mBACE,cADF;;AAlKJ,OAAOA,SAASC,UAAUC,iBAAiB;AAC3C,SAASC,MAAMC,mBAAmB;AAClC,OAAO;AACP,OAAOC,YAAY;AACnB,OAAOC,YAAY;AACnB,OAAOC,gBAAgB;AACvB,OAAOC,eAAe;AACtB,OAAOC,iBAAiB;AACxB,OAAOC,kBAAkB;AACzB,OAAOC,iBAAiB;AACxB,SAASC,eAAe;AAExB,MAAMC,kBAAkB;AAAA,EACtBC,SAAS,EAAEC,KAAK,KAAKC,MAAM,IAAI;AAAA,EAC/BC,SAAS,EAAEF,KAAK,KAAKC,MAAM,IAAI;AAAA,EAC/BE,SAAS,EAAEH,KAAK,KAAKC,MAAM,IAAI;AAAA,EAC/BG,SAAS,EAAEJ,KAAK,KAAKC,MAAM,IAAI;AACjC;AAEA,MAAMI,YAAYA,CAAC,EAAEC,SAAS,MAAM;AAAAC,KAAA;AAClC,QAAMC,OAAOF,WACT,EAAEG,MAAMH,UAAUI,iBAAiB,MAAMC,mBAAmBA,MAAM;AAAA,EAAC,EAAE,IACrEd,QAAQ;AACZ,QAAM,EAAEY,MAAMC,iBAAiBC,kBAAkB,IAAIH;AACrD,QAAMI,WAAWvB,YAAY;AAE7B,QAAM,CAACwB,aAAaC,cAAc,IAAI5B,SAAS,IAAI;AACnD,QAAM,CAAC6B,QAAQC,SAAS,IAAI9B,SAAS,KAAK;AAC1C,QAAM,CAAC+B,YAAYC,aAAa,IAAIhC,SAAS,IAAI;AACjD,QAAM,CAACiC,QAAQC,SAAS,IAAIlC,SAAS,KAAK;AAC1C,QAAM,CAACmC,eAAeC,gBAAgB,IAAIpC,SAAS,IAAI;AACvD,QAAM,CAACqC,iBAAiBC,kBAAkB,IAAItC,SAAS,IAAI;AAC3D,QAAM,CAACuC,WAAWC,YAAY,IAAIxC,SAAS,KAAK;AAEhD,QAAM;AAAA,IACJyC,MAAMC;AAAAA,IACNC,WAAWC;AAAAA,IACXC,SAASC;AAAAA,EACX,IAAIrC,aAAa,iBAAiB,IAAI;AACtC,QAAM,EAAEsC,QAAQC,sBAAsBL,WAAWM,aAAa,IAAIvC;AAAAA,IAChE;AAAA,IACA,CAACwC,qBAAqB;AACpB,UAAIA,oBAAoBA,iBAAiB3B,MAAM;AAC7CE,0BAAkByB,iBAAiB3B,IAAI;AAAA,MACzC;AAAA,IACF;AAAA,EACF;AAEAtB,YAAU,MAAM;AACd,QAAIyC,UAAU;AACZ,YAAMS,kBAAkB,CAAC,GAAGT,SAASU,OAAO;AAC5C,YAAMC,eAAeC,KAAKC,MAAMD,KAAKE,OAAO,IAAI,CAAC;AACjDL,sBAAgBM;AAAAA,QACdJ;AAAAA,QACA;AAAA,QACAF,gBAAgBM;AAAAA,UACdN,gBAAgBO,UAAU,CAACC,MAAMA,EAAEC,OAAOlB,SAASmB,eAAe;AAAA,UAClE;AAAA,QACF,EAAE,CAAC;AAAA,MACL;AAEA,YAAMC,oBAAoBX,gBAAgBY,IAAI,CAACC,KAAKC,OAAO;AAAA,QACzD,GAAGD;AAAAA,QACHE,UAAUtD,gBAAgB,YAAYqD,IAAI,EAAE;AAAA,MAC9C,EAAE;AAEFrC,qBAAe,EAAE,GAAGc,UAAUU,SAASU,kBAAkB,CAAC;AAC1DhC,gBAAU,KAAK;AACfE,oBAAc,IAAI;AAClBE,gBAAU,KAAK;AACfE,uBAAiB,IAAI;AACrBE,yBAAmB,IAAI;AACvBE,mBAAa,KAAK;AAAA,IACpB;AAAA,EACF,GAAG,CAACE,QAAQ,CAAC;AAEb,QAAMyB,WAAW;AAEjB,QAAMC,kBAAkBA,MAAM;AAC5BtC,cAAU,KAAK;AACfE,kBAAc,IAAI;AAClBE,cAAU,KAAK;AACfE,qBAAiB,IAAI;AACrBE,uBAAmB,IAAI;AACvBE,iBAAa,KAAK;AAElBd,aAAS,CAAC;AAAA,EACZ;AAEA,QAAM2C,aAAaA,MAAM;AACvB,QAAIzB,iBAAiB,CAACjB,YAAa;AACnC,UAAM2C,gBAAgB3C,YAAYyB,QAAQmB;AAAAA,MACxC,CAACZ,MAAMA,EAAEC,OAAOjC,YAAYkC;AAAAA,IAC9B;AACA,UAAMW,WAAWL,WAAWG,cAAcG;AAE1C,QAAI,CAAC5C,QAAQ;AACXC,gBAAU,IAAI;AAAA,IAChB;AAEA,QAAIS,WAAW;AACbC,mBAAa,KAAK;AAClBF,yBAAmB,IAAI;AAAA,IACzB,OAAO;AACLE,mBAAa,IAAI;AACjBF,yBAAmBkC,QAAQ;AAAA,IAC7B;AAAA,EACF;AAEA,QAAME,eAAe,OAAOC,qBAAqB;AAC/C,QAAI,CAAChD,eAAe,CAACE,UAAUI,UAAUgB,aAAc;AACvD,QAAI,CAACzB,iBAAiB;AACpBE,eAAS,SAAS;AAClB;AAAA,IACF;AAEAM,kBAAc2C,gBAAgB;AAC9BzC,cAAU,IAAI;AACdM,iBAAa,KAAK;AAClBF,uBAAmB,IAAI;AAEvB,UAAMsC,YAAYjD,YAAYkC,oBAAoBc;AAElD,UAAM3B,qBAAqB,QAAQ;AAAA,MACjC6B,QAAQtD,KAAKuD;AAAAA,MACb/C,YAAY4C;AAAAA,MACZI,WAAWpD,YAAYkC;AAAAA,MACvBe;AAAAA,IACF,CAAC;AAED,UAAMI,YAAYJ,aAAarD,MAAM0D,OAAOC,iBAAiB,KAAK,IAAI;AAEtE,UAAMZ,gBAAgB3C,YAAYyB,QAAQmB;AAAAA,MACxC,CAACP,QAAQA,IAAIJ,OAAOjC,YAAYkC;AAAAA,IAClC;AAEA,QAAIe,WAAW;AACbxC,uBAAiB;AAAA,QACf+C,MAAM,qDAAqDH,SAAS;AAAA,QACpEI,OAAO;AAAA,UACLtE,KAAK;AAAA,UACLuE,OAAO;AAAA,UACPC,eAAe;AAAA,UACfC,YAAY;AAAA,QACd;AAAA,QACAC,UAAU;AAAA,MACZ,CAAC;AAAA,IACH,OAAO;AACLpD,uBAAiB;AAAA,QACf+C,MAAM,uBAAuBb,cAAcmB,KAAK,MAAMnB,cAAcoB,MAAM;AAAA,QAC1EN,OAAO;AAAA,UACLtE,KAAK;AAAA,UACLuE,OAAO;AAAA,UACPC,eAAe;AAAA,UACfC,YAAY;AAAA,QACd;AAAA,QACAC,UAAU;AAAA,MACZ,CAAC;AAAA,IACH;AAAA,EACF;AAEA,QAAMG,mBAAmBA,CAACF,OAAOC,WAC/B,mCACE;AAAA,2BAAC,UAAK,WAAU,cAAcD,mBAA9B;AAAA;AAAA;AAAA;AAAA,WAAoC;AAAA,IACpC,uBAAC,UAAK,WAAU,eAAeC,oBAA/B;AAAA;AAAA;AAAA;AAAA,WAAsC;AAAA,OAFxC;AAAA;AAAA;AAAA;AAAA,SAGA;AAGF,QAAME,mBAAmBA,CAACC,QAAQC,UAAU;AAC1C,QAAI,CAACjE,OAAQ,QAAO,UAAUiE,QAAQ,CAAC;AACvC,WAAOH,iBAAiBE,OAAOJ,OAAOI,OAAOH,MAAM;AAAA,EACrD;AAEA,QAAMK,iBAAiBA,CAACnC,OAAO;AAC7B,QAAI,CAAC3B,OAAQ,QAAO;AACpB,QAAI2B,OAAO7B,cAAc6B,OAAOjC,YAAYkC;AAC1C,aAAO;AACT,QAAI5B,UAAU2B,OAAOjC,YAAYkC,gBAAiB,QAAO;AACzD,WAAO;AAAA,EACT;AAEA,SACE,uBAAC,SAAI,WAAU,cACb;AAAA,2BAAC,SAAI,WAAU,cACb;AAAA,6BAAC,SAAI,WAAU,sBAAf;AAAA;AAAA;AAAA;AAAA,aAAkC;AAAA,MAClC,uBAAC,SAAI,WAAU,sBAAf;AAAA;AAAA;AAAA;AAAA,aAAkC;AAAA,MAClC,uBAAC,SAAI,WAAU,sBAAf;AAAA;AAAA;AAAA;AAAA,aAAkC;AAAA,SAHpC;AAAA;AAAA;AAAA;AAAA,WAIA;AAAA,IACA,uBAAC,YAAO,WAAU,UAChB;AAAA,6BAAC,QAAK,IAAG,KACP,iCAAC,SAAI,KAAKzD,QAAQ,KAAI,aAAY,WAAU,2BAA5C;AAAA;AAAA;AAAA;AAAA,aAAmE,KADrE;AAAA;AAAA;AAAA;AAAA,aAEA;AAAA,MACA,uBAAC,QAAK,IAAG,YACP;AAAA,QAAC;AAAA;AAAA,UACC,KAAKC;AAAAA,UACL,KAAI;AAAA,UACJ,WAAU;AAAA;AAAA,QAHZ;AAAA;AAAA;AAAA;AAAA;AAAA;AAAA;AAAA;AAAA,MAGoC,KAJtC;AAAA;AAAA;AAAA;AAAA,aAMA;AAAA,SAVF;AAAA;AAAA;AAAA;AAAA,WAWA;AAAA,IACA,uBAAC,SAAI,WAAU,qBAAmB;AAAA;AAAA,MAEhC,uBAAC,UAAD;AAAA;AAAA;AAAA;AAAA,aAAG;AAAA;AAAA,MACM,uBAAC,UAAK,WAAU,aAAY,oBAA5B;AAAA;AAAA;AAAA;AAAA,aAAgC;AAAA,MAAO;AAAA,MAEhD,uBAAC,UAAD;AAAA;AAAA;AAAA;AAAA,aAAG;AAAA;AAAA,MAEH,uBAAC,UAAD;AAAA;AAAA;AAAA;AAAA,aAAG;AAAA;AAAA,MAC0B,uBAAC,UAAK,WAAU,aAAW,sBAA3B;AAAA;AAAA;AAAA;AAAA,aAE7B;AAAA,MAAQ;AAAA,MAAG;AAAA,MAEX,uBAAC,UAAD;AAAA;AAAA;AAAA;AAAA,aAAG;AAAA;AAAA,SAZL;AAAA;AAAA;AAAA;AAAA,WAcA;AAAA,IACA,uBAAC,SAAI,WAAU,mBACb;AAAA;AAAA,QAAC;AAAA;AAAA,UACC,KAAKkC,YAAY/B,cAAcF;AAAAA,UAC/B,KAAI;AAAA,UACJ,WAAU;AAAA,UACV,SAAS+D;AAAAA;AAAAA,QAJX;AAAA;AAAA;AAAA;AAAA;AAAA;AAAA;AAAA;AAAA,MAIsB;AAAA,MAErB,CAAC,KAAK,KAAK,KAAK,KAAK,KAAK,GAAG,EAAEN;AAAAA,QAAI,CAAChD,MAAMkD,MACzC;AAAA,UAAC;AAAA;AAAA,YAEC,KAAK1D;AAAAA,YACL,KAAK,QAAQ0D,CAAC;AAAA,YACd,WAAU;AAAA,YACV,OAAO,EAAEnD,KAAK,IAAIC,KAAK;AAAA;AAAA,UAJlBkD;AAAAA,UADP;AAAA;AAAA;AAAA;AAAA;AAAA;AAAA;AAAA,QAK2B;AAAA,MAE5B;AAAA,SAfH;AAAA;AAAA;AAAA;AAAA,WAgBA;AAAA,IACCtC,eACCA,YAAYyB,QAAQW;AAAAA,MAAI,CAAC8B,QAAQC,UAC/B;AAAA,QAAC;AAAA;AAAA,UAEC,WAAW,iBAAiBC,eAAeF,OAAOjC,EAAE,CAAC;AAAA,UACrD,OAAO,EAAE9C,KAAK+E,OAAO3B,SAASpD,KAAKC,MAAM8E,OAAO3B,SAASnD,KAAK;AAAA,UAC9D,SAAS,MAAM2D,aAAamB,OAAOjC,EAAE;AAAA,UACrC,UAAU3B,UAAUW,iBAAiBK;AAAAA,UAEpC2C,2BAAiBC,QAAQC,KAAK;AAAA;AAAA,QAN1BD,OAAOjC;AAAAA,QADd;AAAA;AAAA;AAAA;AAAA;AAAA;AAAA;AAAA,MAQA;AAAA,IACD;AAAA,IAEFzB,iBACC;AAAA,MAAC;AAAA;AAAA,QACC,WAAU;AAAA,QACV,OAAOA,cAAciD;AAAAA,QACrB,yBAAyB,EAAEY,QAAQ7D,cAAcgD,KAAK;AAAA;AAAA,MAHxD;AAAA;AAAA;AAAA;AAAA;AAAA;AAAA;AAAA;AAAA,IAIC;AAAA,IAGFhD,iBACC;AAAA,MAAC;AAAA;AAAA,QACC,OAAO;AAAA,UACL+B,UAAU;AAAA,UACVpD,KAAK;AAAA,UACLC,MAAM;AAAA,UACNkF,WAAW;AAAA,UACXC,QAAQ;AAAA,QACV;AAAA,QAEA;AAAA,UAAC;AAAA;AAAA,YACC,WAAU;AAAA,YACV,OAAO,EAAEC,OAAO,KAAKC,QAAQ,IAAIC,UAAU,IAAId,YAAY,IAAI;AAAA,YAC/D,SAASnB;AAAAA,YAAgB;AAAA;AAAA,UAH3B;AAAA;AAAA;AAAA;AAAA;AAAA;AAAA;AAAA;AAAA,QAMA;AAAA;AAAA,MAfF;AAAA;AAAA;AAAA;AAAA;AAAA;AAAA;AAAA;AAAA,IAgBA;AAAA,IAGD/B,mBACC;AAAA,MAAC;AAAA;AAAA,QACC,KAAKA;AAAAA,QACL;AAAA,QAEA,SAAS,MAAM;AACbG,uBAAa,KAAK;AAClBF,6BAAmB,IAAI;AAAA,QACzB;AAAA;AAAA,MAJKD;AAAAA,MAHP;AAAA;AAAA;AAAA;AAAA;AAAA;AAAA;AAAA,IAOI;AAAA,OAnGR;AAAA;AAAA;AAAA;AAAA,SAsGA;AAEJ;AAAEhB,GA3QIF,WAAS;AAAA,UAGTR,SAEaR,aAcbM,cAC8DC,WAAW;AAAA;AAAA4F,KApBzEnF;AA6QN,eAAeA;AAAU,IAAAmF;AAAAC,aAAAD,IAAA",
      "names": [
        "React",
        "useState",
        "useEffect",
        "Link",
        "useNavigate",
        "image1",
        "image2",
        "playButton",
        "waveSound",
        "pauseButton",
        "useFetchData",
        "useMutation",
        "useAuth",
        "buttonPositions",
        "option1",
        "top",
        "left",
        "option2",
        "option3",
        "option4",
        "GuessPage",
        "testUser",
        "_s",
        "auth",
        "user",
        "isAuthenticated",
        "updateUserContext",
        "navigate",
        "currentQuiz",
        "setCurrentQuiz",
        "played",
        "setPlayed",
        "selectedId",
        "setSelectedId",
        "locked",
        "setLocked",
        "resultMessage",
        "setResultMessage",
        "currentAudioUrl",
        "setCurrentAudioUrl",
        "isPlaying",
        "setIsPlaying",
        "data",
        "quizData",
        "isLoading",
        "isLoadingQuiz",
        "refetch",
        "refetchQuiz",
        "mutate",
        "submitAnswerMutation",
        "isSubmitting",
        "updatedUserStats",
        "shuffledOptions",
        "options",
        "correctIndex",
        "Math",
        "floor",
        "random",
        "splice",
        "findIndex",
        "o",
        "id",
        "correctAnswerId",
        "positionedOptions",
        "map",
        "opt",
        "i",
        "position",
        "BASE_URL",
        "handlePlayAgain",
        "handlePlay",
        "correctOption",
        "find",
        "audioUrl",
        "audioSrc",
        "handleAnswer",
        "selectedOptionId",
        "isCorrect",
        "userId",
        "_id",
        "correctId",
        "newStreak",
        "stats",
        "currentStrike",
        "text",
        "style",
        "color",
        "letterSpacing",
        "fontWeight",
        "centered",
        "title",
        "artist",
        "getButtonContent",
        "getButtonDefault",
        "option",
        "index",
        "getButtonClass",
        "__html",
        "transform",
        "zIndex",
        "width",
        "height",
        "fontSize",
        "_c",
        "$RefreshReg$"
      ],
      "ignoreList": [],
      "sources": [
        "/Users/yuliatrofymenko/Web/my-project/src/pages/GuessPage.jsx"
      ],
      "file": "/Users/yuliatrofymenko/Web/my-project/src/pages/GuessPage.jsx"
    },
    "_coverageSchema": "1a1c01bbd47fc00a2c39e90264f33305004495a9",
    "hash": "da4db81799fd1048043cd70b8ab6e080474f65e6"
  }
}